<?xml version="1.0" encoding="UTF-8"?>
<testng-results ignored="0" total="1" passed="1" failed="0" skipped="0">
  <reporter-output>
  </reporter-output>
  <suite started-at="2025-08-01T13:58:19 EDT" name="Default suite" finished-at="2025-08-01T13:59:11 EDT" duration-ms="51625">
    <groups>
    </groups>
    <test started-at="2025-08-01T13:58:19 EDT" name="Default test" finished-at="2025-08-01T13:59:11 EDT" duration-ms="51625">
      <class name="com.boratest.appiumdemo.WifiSettingsTest">
        <test-method is-config="true" signature="setup()[pri:0, instance:com.boratest.appiumdemo.WifiSettingsTest@5fd4f8f5]" started-at="2025-08-01T13:58:19 EDT" name="setup" finished-at="2025-08-01T13:58:49 EDT" duration-ms="29649" status="PASS">
          <reporter-output>
          </reporter-output>
        </test-method> <!-- setup -->
        <test-method signature="setWifiTest()[pri:0, instance:com.boratest.appiumdemo.WifiSettingsTest@5fd4f8f5]" started-at="2025-08-01T13:58:49 EDT" name="setWifiTest" finished-at="2025-08-01T13:59:06 EDT" duration-ms="17481" status="PASS">
          <reporter-output>
          </reporter-output>
        </test-method> <!-- setWifiTest -->
        <test-method is-config="true" signature="tearDown()[pri:0, instance:com.boratest.appiumdemo.WifiSettingsTest@5fd4f8f5]" started-at="2025-08-01T13:59:06 EDT" name="tearDown" finished-at="2025-08-01T13:59:11 EDT" duration-ms="4379" status="PASS">
          <reporter-output>
          </reporter-output>
        </test-method> <!-- tearDown -->
      </class> <!-- com.boratest.appiumdemo.WifiSettingsTest -->
    </test> <!-- Default test -->
  </suite> <!-- Default suite -->
</testng-results>
